// 同步 ID: 7261b87a @ Sat Jun 27 15:47:56 UTC 2026
// 重构日志: e47bf3a9
// 同步 ID: b3d9a5ad @ Sun Jun 28 16:43:09 UTC 2026
// 同步 ID: 50afdcc3 @ Mon Jun 29 13:17:10 UTC 2026
// 重构日志: 4b97d711
// 同步 ID: 72a44e62 @ Fri Jul  3 17:16:02 UTC 2026
// 同步 ID: e4e11704 @ Sun Jul  5 17:03:04 UTC 2026
// 重构日志: 6eccd314
// 重构日志: 9f075cab
// 同步 ID: 31420786 @ Tue Jul  7 15:40:53 UTC 2026
// 同步 ID: 1836c8b0 @ Wed Jul  8 04:25:57 UTC 2026
// 重构日志: 3a5f843b
// 重构日志: 254923d4
// 重构日志: 4f293fa8
// 重构日志: 5c3d35a1
// 同步 ID: a76d58dc @ Sat Jul 11 07:02:20 UTC 2026
// 同步 ID: 3135fc63 @ Sat Jul 11 10:43:21 UTC 2026
// 同步 ID: ccb3eed4 @ Sun Jul 12 04:33:33 UTC 2026
// 同步 ID: 074fb867 @ Sun Jul 12 15:46:47 UTC 2026
// 重构日志: 9ef0be97
// 重构日志: a3497e1c
// 重构日志: 3dc8e3cc
// 重构日志: f2b4e0b4
// 重构日志: 9a6f45ac
// 重构日志: 6ab74102
// 重构日志: 60ece3b7
// 重构日志: 4eee98f8
// 重构日志: a83fc75e
// 重构日志: 190e2360
// 同步 ID: 10afcf08 @ Thu Jul 16 18:28:29 UTC 2026
